<?xml version="1.0" encoding="UTF-8"?>
<testsuite name="com.mindex.challenge.ChallengeApplicationTests" tests="1" skipped="0" failures="0" errors="0" timestamp="2024-06-04T10:16:51" hostname="Admins-MBP" time="0.002">
  <properties/>
  <testcase name="contextLoads" classname="com.mindex.challenge.ChallengeApplicationTests" time="0.002"/>
  <system-out><![CDATA[2024-06-04 05:16:51.404  INFO 89811 --- [    Test worker] .b.t.c.SpringBootTestContextBootstrapper : Neither @ContextConfiguration nor @ContextHierarchy found for test class [com.mindex.challenge.ChallengeApplicationTests], using SpringBootContextLoader
2024-06-04 05:16:51.405  INFO 89811 --- [    Test worker] o.s.t.c.support.AbstractContextLoader    : Could not detect default resource locations for test class [com.mindex.challenge.ChallengeApplicationTests]: no resource found for suffixes {-context.xml, Context.groovy}.
2024-06-04 05:16:51.406  INFO 89811 --- [    Test worker] t.c.s.AnnotationConfigContextLoaderUtils : Could not detect default configuration classes for test class [com.mindex.challenge.ChallengeApplicationTests]: ChallengeApplicationTests does not declare any static, non-private, non-final, nested classes annotated with @Configuration.
2024-06-04 05:16:51.407  INFO 89811 --- [    Test worker] .b.t.c.SpringBootTestContextBootstrapper : Found @SpringBootConfiguration com.mindex.challenge.ChallengeApplication for test class com.mindex.challenge.ChallengeApplicationTests
2024-06-04 05:16:51.409  INFO 89811 --- [    Test worker] .b.t.c.SpringBootTestContextBootstrapper : Loaded default TestExecutionListener class names from location [META-INF/spring.factories]: [org.springframework.boot.test.autoconfigure.restdocs.RestDocsTestExecutionListener, org.springframework.boot.test.autoconfigure.web.client.MockRestServiceServerResetTestExecutionListener, org.springframework.boot.test.autoconfigure.web.servlet.MockMvcPrintOnlyOnFailureTestExecutionListener, org.springframework.boot.test.autoconfigure.web.servlet.WebDriverTestExecutionListener, org.springframework.boot.test.mock.mockito.MockitoTestExecutionListener, org.springframework.boot.test.mock.mockito.ResetMocksTestExecutionListener, org.springframework.test.context.web.ServletTestExecutionListener, org.springframework.test.context.support.DirtiesContextBeforeModesTestExecutionListener, org.springframework.test.context.support.DependencyInjectionTestExecutionListener, org.springframework.test.context.support.DirtiesContextTestExecutionListener, org.springframework.test.context.transaction.TransactionalTestExecutionListener, org.springframework.test.context.jdbc.SqlScriptsTestExecutionListener, org.springframework.test.context.event.EventPublishingTestExecutionListener]
2024-06-04 05:16:51.410  INFO 89811 --- [    Test worker] .b.t.c.SpringBootTestContextBootstrapper : Using TestExecutionListeners: [org.springframework.test.context.web.ServletTestExecutionListener@27a39d23, org.springframework.test.context.support.DirtiesContextBeforeModesTestExecutionListener@1d3186e4, org.springframework.boot.test.mock.mockito.MockitoTestExecutionListener@4ed545e, org.springframework.boot.test.autoconfigure.SpringBootDependencyInjectionTestExecutionListener@5ed7d862, org.springframework.test.context.support.DirtiesContextTestExecutionListener@65a60c1e, org.springframework.test.context.transaction.TransactionalTestExecutionListener@74b1b0e8, org.springframework.test.context.jdbc.SqlScriptsTestExecutionListener@1a104584, org.springframework.test.context.event.EventPublishingTestExecutionListener@7a649a6c, org.springframework.boot.test.autoconfigure.restdocs.RestDocsTestExecutionListener@2f77afc2, org.springframework.boot.test.autoconfigure.web.client.MockRestServiceServerResetTestExecutionListener@56387c34, org.springframework.boot.test.autoconfigure.web.servlet.MockMvcPrintOnlyOnFailureTestExecutionListener@4e9c3f12, org.springframework.boot.test.autoconfigure.web.servlet.WebDriverTestExecutionListener@10757b57, org.springframework.boot.test.mock.mockito.ResetMocksTestExecutionListener@26ecf24]
]]></system-out>
  <system-err><![CDATA[]]></system-err>
</testsuite>
