<?xml version="1.0" encoding="UTF-8"?>
<testsuite name="com.mindex.challenge.service.impl.EmployeeServiceImplTest" tests="1" skipped="0" failures="0" errors="0" timestamp="2024-06-05T23:02:07" hostname="Admins-MBP" time="0.026">
  <properties/>
  <testcase name="testCreateReadUpdate" classname="com.mindex.challenge.service.impl.EmployeeServiceImplTest" time="0.026"/>
  <system-out><![CDATA[2024-06-05 18:02:07.227  INFO 86149 --- [    Test worker] .b.t.c.SpringBootTestContextBootstrapper : Neither @ContextConfiguration nor @ContextHierarchy found for test class [com.mindex.challenge.service.impl.EmployeeServiceImplTest], using SpringBootContextLoader
2024-06-05 18:02:07.228  INFO 86149 --- [    Test worker] o.s.t.c.support.AbstractContextLoader    : Could not detect default resource locations for test class [com.mindex.challenge.service.impl.EmployeeServiceImplTest]: no resource found for suffixes {-context.xml, Context.groovy}.
2024-06-05 18:02:07.228  INFO 86149 --- [    Test worker] t.c.s.AnnotationConfigContextLoaderUtils : Could not detect default configuration classes for test class [com.mindex.challenge.service.impl.EmployeeServiceImplTest]: EmployeeServiceImplTest does not declare any static, non-private, non-final, nested classes annotated with @Configuration.
2024-06-05 18:02:07.229  INFO 86149 --- [    Test worker] .b.t.c.SpringBootTestContextBootstrapper : Found @SpringBootConfiguration com.mindex.challenge.ChallengeApplication for test class com.mindex.challenge.service.impl.EmployeeServiceImplTest
2024-06-05 18:02:07.230  INFO 86149 --- [    Test worker] .b.t.c.SpringBootTestContextBootstrapper : Loaded default TestExecutionListener class names from location [META-INF/spring.factories]: [org.springframework.boot.test.autoconfigure.restdocs.RestDocsTestExecutionListener, org.springframework.boot.test.autoconfigure.web.client.MockRestServiceServerResetTestExecutionListener, org.springframework.boot.test.autoconfigure.web.servlet.MockMvcPrintOnlyOnFailureTestExecutionListener, org.springframework.boot.test.autoconfigure.web.servlet.WebDriverTestExecutionListener, org.springframework.boot.test.mock.mockito.MockitoTestExecutionListener, org.springframework.boot.test.mock.mockito.ResetMocksTestExecutionListener, org.springframework.test.context.web.ServletTestExecutionListener, org.springframework.test.context.support.DirtiesContextBeforeModesTestExecutionListener, org.springframework.test.context.support.DependencyInjectionTestExecutionListener, org.springframework.test.context.support.DirtiesContextTestExecutionListener, org.springframework.test.context.transaction.TransactionalTestExecutionListener, org.springframework.test.context.jdbc.SqlScriptsTestExecutionListener, org.springframework.test.context.event.EventPublishingTestExecutionListener]
2024-06-05 18:02:07.231  INFO 86149 --- [    Test worker] .b.t.c.SpringBootTestContextBootstrapper : Using TestExecutionListeners: [org.springframework.test.context.web.ServletTestExecutionListener@7f58824b, org.springframework.test.context.support.DirtiesContextBeforeModesTestExecutionListener@6e572117, org.springframework.boot.test.mock.mockito.MockitoTestExecutionListener@43d543f4, org.springframework.boot.test.autoconfigure.SpringBootDependencyInjectionTestExecutionListener@6e63bfaf, org.springframework.test.context.support.DirtiesContextTestExecutionListener@559222f2, org.springframework.test.context.transaction.TransactionalTestExecutionListener@21afece, org.springframework.test.context.jdbc.SqlScriptsTestExecutionListener@6b39d79a, org.springframework.test.context.event.EventPublishingTestExecutionListener@18d49395, org.springframework.boot.test.autoconfigure.restdocs.RestDocsTestExecutionListener@5c15b7cf, org.springframework.boot.test.autoconfigure.web.client.MockRestServiceServerResetTestExecutionListener@92cce0d, org.springframework.boot.test.autoconfigure.web.servlet.MockMvcPrintOnlyOnFailureTestExecutionListener@2c8c4db5, org.springframework.boot.test.autoconfigure.web.servlet.WebDriverTestExecutionListener@10f83b8a, org.springframework.boot.test.mock.mockito.ResetMocksTestExecutionListener@61225d95]
2024-06-05 18:02:07.239 DEBUG 86149 --- [o-auto-1-exec-4] c.m.c.controller.EmployeeController      : Received employee create request for [com.mindex.challenge.data.Employee@1f8f9ca3]
2024-06-05 18:02:07.239 DEBUG 86149 --- [o-auto-1-exec-4] c.m.c.service.impl.EmployeeServiceImpl   : Creating employee [com.mindex.challenge.data.Employee@1f8f9ca3]
2024-06-05 18:02:07.245 DEBUG 86149 --- [o-auto-1-exec-5] c.m.c.controller.EmployeeController      : Received employee read request for id [1bd1e10c-1094-4e3e-b90d-e31ad42ed6f2]
2024-06-05 18:02:07.246 DEBUG 86149 --- [o-auto-1-exec-5] c.m.c.service.impl.EmployeeServiceImpl   : Querying employee with id [1bd1e10c-1094-4e3e-b90d-e31ad42ed6f2]
2024-06-05 18:02:07.253 DEBUG 86149 --- [o-auto-1-exec-6] c.m.c.controller.EmployeeController      : Received employee update request for id [1bd1e10c-1094-4e3e-b90d-e31ad42ed6f2] and employee [com.mindex.challenge.data.Employee@4fa32347]
2024-06-05 18:02:07.253 DEBUG 86149 --- [o-auto-1-exec-6] c.m.c.service.impl.EmployeeServiceImpl   : Updating employee [com.mindex.challenge.data.Employee@4fa32347]
]]></system-out>
  <system-err><![CDATA[]]></system-err>
</testsuite>
