<?xml version="1.0" encoding="UTF-8"?>
<testsuite name="com.mindex.challenge.service.impl.EmployeeServiceImplTest" tests="1" skipped="0" failures="0" errors="0" timestamp="2024-06-05T21:54:37" hostname="Admins-MBP" time="0.027">
  <properties/>
  <testcase name="testCreateReadUpdate" classname="com.mindex.challenge.service.impl.EmployeeServiceImplTest" time="0.027"/>
  <system-out><![CDATA[2024-06-05 16:54:37.158  INFO 81687 --- [    Test worker] .b.t.c.SpringBootTestContextBootstrapper : Neither @ContextConfiguration nor @ContextHierarchy found for test class [com.mindex.challenge.service.impl.EmployeeServiceImplTest], using SpringBootContextLoader
2024-06-05 16:54:37.158  INFO 81687 --- [    Test worker] o.s.t.c.support.AbstractContextLoader    : Could not detect default resource locations for test class [com.mindex.challenge.service.impl.EmployeeServiceImplTest]: no resource found for suffixes {-context.xml, Context.groovy}.
2024-06-05 16:54:37.158  INFO 81687 --- [    Test worker] t.c.s.AnnotationConfigContextLoaderUtils : Could not detect default configuration classes for test class [com.mindex.challenge.service.impl.EmployeeServiceImplTest]: EmployeeServiceImplTest does not declare any static, non-private, non-final, nested classes annotated with @Configuration.
2024-06-05 16:54:37.159  INFO 81687 --- [    Test worker] .b.t.c.SpringBootTestContextBootstrapper : Found @SpringBootConfiguration com.mindex.challenge.ChallengeApplication for test class com.mindex.challenge.service.impl.EmployeeServiceImplTest
2024-06-05 16:54:37.161  INFO 81687 --- [    Test worker] .b.t.c.SpringBootTestContextBootstrapper : Loaded default TestExecutionListener class names from location [META-INF/spring.factories]: [org.springframework.boot.test.autoconfigure.restdocs.RestDocsTestExecutionListener, org.springframework.boot.test.autoconfigure.web.client.MockRestServiceServerResetTestExecutionListener, org.springframework.boot.test.autoconfigure.web.servlet.MockMvcPrintOnlyOnFailureTestExecutionListener, org.springframework.boot.test.autoconfigure.web.servlet.WebDriverTestExecutionListener, org.springframework.boot.test.mock.mockito.MockitoTestExecutionListener, org.springframework.boot.test.mock.mockito.ResetMocksTestExecutionListener, org.springframework.test.context.web.ServletTestExecutionListener, org.springframework.test.context.support.DirtiesContextBeforeModesTestExecutionListener, org.springframework.test.context.support.DependencyInjectionTestExecutionListener, org.springframework.test.context.support.DirtiesContextTestExecutionListener, org.springframework.test.context.transaction.TransactionalTestExecutionListener, org.springframework.test.context.jdbc.SqlScriptsTestExecutionListener, org.springframework.test.context.event.EventPublishingTestExecutionListener]
2024-06-05 16:54:37.161  INFO 81687 --- [    Test worker] .b.t.c.SpringBootTestContextBootstrapper : Using TestExecutionListeners: [org.springframework.test.context.web.ServletTestExecutionListener@6e63bfaf, org.springframework.test.context.support.DirtiesContextBeforeModesTestExecutionListener@559222f2, org.springframework.boot.test.mock.mockito.MockitoTestExecutionListener@21afece, org.springframework.boot.test.autoconfigure.SpringBootDependencyInjectionTestExecutionListener@6b39d79a, org.springframework.test.context.support.DirtiesContextTestExecutionListener@18d49395, org.springframework.test.context.transaction.TransactionalTestExecutionListener@5c15b7cf, org.springframework.test.context.jdbc.SqlScriptsTestExecutionListener@92cce0d, org.springframework.test.context.event.EventPublishingTestExecutionListener@2c8c4db5, org.springframework.boot.test.autoconfigure.restdocs.RestDocsTestExecutionListener@10f83b8a, org.springframework.boot.test.autoconfigure.web.client.MockRestServiceServerResetTestExecutionListener@61225d95, org.springframework.boot.test.autoconfigure.web.servlet.MockMvcPrintOnlyOnFailureTestExecutionListener@e11ab1a, org.springframework.boot.test.autoconfigure.web.servlet.WebDriverTestExecutionListener@40beae88, org.springframework.boot.test.mock.mockito.ResetMocksTestExecutionListener@114be97e]
2024-06-05 16:54:37.169 DEBUG 81687 --- [o-auto-1-exec-4] c.m.c.controller.EmployeeController      : Received employee create request for [com.mindex.challenge.data.Employee@3be77c0b]
2024-06-05 16:54:37.170 DEBUG 81687 --- [o-auto-1-exec-4] c.m.c.service.impl.EmployeeServiceImpl   : Creating employee [com.mindex.challenge.data.Employee@3be77c0b]
2024-06-05 16:54:37.176 DEBUG 81687 --- [o-auto-1-exec-5] c.m.c.controller.EmployeeController      : Received employee read request for id [c991c950-f71d-4f83-8c04-f1b4a8345638]
2024-06-05 16:54:37.177 DEBUG 81687 --- [o-auto-1-exec-5] c.m.c.service.impl.EmployeeServiceImpl   : Querying employee with id [c991c950-f71d-4f83-8c04-f1b4a8345638]
2024-06-05 16:54:37.185 DEBUG 81687 --- [o-auto-1-exec-6] c.m.c.controller.EmployeeController      : Received employee update request for id [c991c950-f71d-4f83-8c04-f1b4a8345638] and employee [com.mindex.challenge.data.Employee@551715af]
2024-06-05 16:54:37.185 DEBUG 81687 --- [o-auto-1-exec-6] c.m.c.service.impl.EmployeeServiceImpl   : Updating employee [com.mindex.challenge.data.Employee@551715af]
]]></system-out>
  <system-err><![CDATA[]]></system-err>
</testsuite>
