<?xml version="1.0" encoding="UTF-8"?>
<testsuite name="com.mindex.challenge.ChallengeApplicationTests" tests="1" skipped="0" failures="0" errors="0" timestamp="2024-06-05T22:13:05" hostname="Admins-MBP" time="0.002">
  <properties/>
  <testcase name="contextLoads" classname="com.mindex.challenge.ChallengeApplicationTests" time="0.002"/>
  <system-out><![CDATA[2024-06-05 17:13:05.407  INFO 83654 --- [    Test worker] .b.t.c.SpringBootTestContextBootstrapper : Neither @ContextConfiguration nor @ContextHierarchy found for test class [com.mindex.challenge.ChallengeApplicationTests], using SpringBootContextLoader
2024-06-05 17:13:05.407  INFO 83654 --- [    Test worker] o.s.t.c.support.AbstractContextLoader    : Could not detect default resource locations for test class [com.mindex.challenge.ChallengeApplicationTests]: no resource found for suffixes {-context.xml, Context.groovy}.
2024-06-05 17:13:05.408  INFO 83654 --- [    Test worker] t.c.s.AnnotationConfigContextLoaderUtils : Could not detect default configuration classes for test class [com.mindex.challenge.ChallengeApplicationTests]: ChallengeApplicationTests does not declare any static, non-private, non-final, nested classes annotated with @Configuration.
2024-06-05 17:13:05.409  INFO 83654 --- [    Test worker] .b.t.c.SpringBootTestContextBootstrapper : Found @SpringBootConfiguration com.mindex.challenge.ChallengeApplication for test class com.mindex.challenge.ChallengeApplicationTests
2024-06-05 17:13:05.411  INFO 83654 --- [    Test worker] .b.t.c.SpringBootTestContextBootstrapper : Loaded default TestExecutionListener class names from location [META-INF/spring.factories]: [org.springframework.boot.test.autoconfigure.restdocs.RestDocsTestExecutionListener, org.springframework.boot.test.autoconfigure.web.client.MockRestServiceServerResetTestExecutionListener, org.springframework.boot.test.autoconfigure.web.servlet.MockMvcPrintOnlyOnFailureTestExecutionListener, org.springframework.boot.test.autoconfigure.web.servlet.WebDriverTestExecutionListener, org.springframework.boot.test.mock.mockito.MockitoTestExecutionListener, org.springframework.boot.test.mock.mockito.ResetMocksTestExecutionListener, org.springframework.test.context.web.ServletTestExecutionListener, org.springframework.test.context.support.DirtiesContextBeforeModesTestExecutionListener, org.springframework.test.context.support.DependencyInjectionTestExecutionListener, org.springframework.test.context.support.DirtiesContextTestExecutionListener, org.springframework.test.context.transaction.TransactionalTestExecutionListener, org.springframework.test.context.jdbc.SqlScriptsTestExecutionListener, org.springframework.test.context.event.EventPublishingTestExecutionListener]
2024-06-05 17:13:05.412  INFO 83654 --- [    Test worker] .b.t.c.SpringBootTestContextBootstrapper : Using TestExecutionListeners: [org.springframework.test.context.web.ServletTestExecutionListener@25f4400, org.springframework.test.context.support.DirtiesContextBeforeModesTestExecutionListener@768b1118, org.springframework.boot.test.mock.mockito.MockitoTestExecutionListener@4ad4f5f8, org.springframework.boot.test.autoconfigure.SpringBootDependencyInjectionTestExecutionListener@27cb7403, org.springframework.test.context.support.DirtiesContextTestExecutionListener@5f4c5bbe, org.springframework.test.context.transaction.TransactionalTestExecutionListener@7161829e, org.springframework.test.context.jdbc.SqlScriptsTestExecutionListener@1cf7c27f, org.springframework.test.context.event.EventPublishingTestExecutionListener@6060d68e, org.springframework.boot.test.autoconfigure.restdocs.RestDocsTestExecutionListener@5dcce097, org.springframework.boot.test.autoconfigure.web.client.MockRestServiceServerResetTestExecutionListener@20c4ecc2, org.springframework.boot.test.autoconfigure.web.servlet.MockMvcPrintOnlyOnFailureTestExecutionListener@202369f, org.springframework.boot.test.autoconfigure.web.servlet.WebDriverTestExecutionListener@64b044f7, org.springframework.boot.test.mock.mockito.ResetMocksTestExecutionListener@5e42d8ae]
]]></system-out>
  <system-err><![CDATA[]]></system-err>
</testsuite>
