<?xml version="1.0" encoding="UTF-8"?>
<testsuite name="com.mindex.challenge.ChallengeApplicationTests" tests="1" skipped="0" failures="0" errors="0" timestamp="2024-06-05T21:54:37" hostname="Admins-MBP" time="0.003">
  <properties/>
  <testcase name="contextLoads" classname="com.mindex.challenge.ChallengeApplicationTests" time="0.003"/>
  <system-out><![CDATA[2024-06-05 16:54:37.192  INFO 81687 --- [    Test worker] .b.t.c.SpringBootTestContextBootstrapper : Neither @ContextConfiguration nor @ContextHierarchy found for test class [com.mindex.challenge.ChallengeApplicationTests], using SpringBootContextLoader
2024-06-05 16:54:37.193  INFO 81687 --- [    Test worker] o.s.t.c.support.AbstractContextLoader    : Could not detect default resource locations for test class [com.mindex.challenge.ChallengeApplicationTests]: no resource found for suffixes {-context.xml, Context.groovy}.
2024-06-05 16:54:37.193  INFO 81687 --- [    Test worker] t.c.s.AnnotationConfigContextLoaderUtils : Could not detect default configuration classes for test class [com.mindex.challenge.ChallengeApplicationTests]: ChallengeApplicationTests does not declare any static, non-private, non-final, nested classes annotated with @Configuration.
2024-06-05 16:54:37.194  INFO 81687 --- [    Test worker] .b.t.c.SpringBootTestContextBootstrapper : Found @SpringBootConfiguration com.mindex.challenge.ChallengeApplication for test class com.mindex.challenge.ChallengeApplicationTests
2024-06-05 16:54:37.196  INFO 81687 --- [    Test worker] .b.t.c.SpringBootTestContextBootstrapper : Loaded default TestExecutionListener class names from location [META-INF/spring.factories]: [org.springframework.boot.test.autoconfigure.restdocs.RestDocsTestExecutionListener, org.springframework.boot.test.autoconfigure.web.client.MockRestServiceServerResetTestExecutionListener, org.springframework.boot.test.autoconfigure.web.servlet.MockMvcPrintOnlyOnFailureTestExecutionListener, org.springframework.boot.test.autoconfigure.web.servlet.WebDriverTestExecutionListener, org.springframework.boot.test.mock.mockito.MockitoTestExecutionListener, org.springframework.boot.test.mock.mockito.ResetMocksTestExecutionListener, org.springframework.test.context.web.ServletTestExecutionListener, org.springframework.test.context.support.DirtiesContextBeforeModesTestExecutionListener, org.springframework.test.context.support.DependencyInjectionTestExecutionListener, org.springframework.test.context.support.DirtiesContextTestExecutionListener, org.springframework.test.context.transaction.TransactionalTestExecutionListener, org.springframework.test.context.jdbc.SqlScriptsTestExecutionListener, org.springframework.test.context.event.EventPublishingTestExecutionListener]
2024-06-05 16:54:37.196  INFO 81687 --- [    Test worker] .b.t.c.SpringBootTestContextBootstrapper : Using TestExecutionListeners: [org.springframework.test.context.web.ServletTestExecutionListener@4ad4f5f8, org.springframework.test.context.support.DirtiesContextBeforeModesTestExecutionListener@27cb7403, org.springframework.boot.test.mock.mockito.MockitoTestExecutionListener@5f4c5bbe, org.springframework.boot.test.autoconfigure.SpringBootDependencyInjectionTestExecutionListener@7161829e, org.springframework.test.context.support.DirtiesContextTestExecutionListener@1cf7c27f, org.springframework.test.context.transaction.TransactionalTestExecutionListener@6060d68e, org.springframework.test.context.jdbc.SqlScriptsTestExecutionListener@5dcce097, org.springframework.test.context.event.EventPublishingTestExecutionListener@20c4ecc2, org.springframework.boot.test.autoconfigure.restdocs.RestDocsTestExecutionListener@202369f, org.springframework.boot.test.autoconfigure.web.client.MockRestServiceServerResetTestExecutionListener@64b044f7, org.springframework.boot.test.autoconfigure.web.servlet.MockMvcPrintOnlyOnFailureTestExecutionListener@5e42d8ae, org.springframework.boot.test.autoconfigure.web.servlet.WebDriverTestExecutionListener@59e78d58, org.springframework.boot.test.mock.mockito.ResetMocksTestExecutionListener@4a42fe35]
]]></system-out>
  <system-err><![CDATA[]]></system-err>
</testsuite>
