<?xml version="1.0" encoding="UTF-8"?>
<testsuite name="com.mindex.challenge.service.impl.EmployeeServiceImplTest" tests="1" skipped="0" failures="0" errors="0" timestamp="2024-06-05T22:13:05" hostname="Admins-MBP" time="0.031">
  <properties/>
  <testcase name="testCreateReadUpdate" classname="com.mindex.challenge.service.impl.EmployeeServiceImplTest" time="0.031"/>
  <system-out><![CDATA[2024-06-05 17:13:05.366  INFO 83654 --- [    Test worker] .b.t.c.SpringBootTestContextBootstrapper : Neither @ContextConfiguration nor @ContextHierarchy found for test class [com.mindex.challenge.service.impl.EmployeeServiceImplTest], using SpringBootContextLoader
2024-06-05 17:13:05.367  INFO 83654 --- [    Test worker] o.s.t.c.support.AbstractContextLoader    : Could not detect default resource locations for test class [com.mindex.challenge.service.impl.EmployeeServiceImplTest]: no resource found for suffixes {-context.xml, Context.groovy}.
2024-06-05 17:13:05.367  INFO 83654 --- [    Test worker] t.c.s.AnnotationConfigContextLoaderUtils : Could not detect default configuration classes for test class [com.mindex.challenge.service.impl.EmployeeServiceImplTest]: EmployeeServiceImplTest does not declare any static, non-private, non-final, nested classes annotated with @Configuration.
2024-06-05 17:13:05.369  INFO 83654 --- [    Test worker] .b.t.c.SpringBootTestContextBootstrapper : Found @SpringBootConfiguration com.mindex.challenge.ChallengeApplication for test class com.mindex.challenge.service.impl.EmployeeServiceImplTest
2024-06-05 17:13:05.370  INFO 83654 --- [    Test worker] .b.t.c.SpringBootTestContextBootstrapper : Loaded default TestExecutionListener class names from location [META-INF/spring.factories]: [org.springframework.boot.test.autoconfigure.restdocs.RestDocsTestExecutionListener, org.springframework.boot.test.autoconfigure.web.client.MockRestServiceServerResetTestExecutionListener, org.springframework.boot.test.autoconfigure.web.servlet.MockMvcPrintOnlyOnFailureTestExecutionListener, org.springframework.boot.test.autoconfigure.web.servlet.WebDriverTestExecutionListener, org.springframework.boot.test.mock.mockito.MockitoTestExecutionListener, org.springframework.boot.test.mock.mockito.ResetMocksTestExecutionListener, org.springframework.test.context.web.ServletTestExecutionListener, org.springframework.test.context.support.DirtiesContextBeforeModesTestExecutionListener, org.springframework.test.context.support.DependencyInjectionTestExecutionListener, org.springframework.test.context.support.DirtiesContextTestExecutionListener, org.springframework.test.context.transaction.TransactionalTestExecutionListener, org.springframework.test.context.jdbc.SqlScriptsTestExecutionListener, org.springframework.test.context.event.EventPublishingTestExecutionListener]
2024-06-05 17:13:05.371  INFO 83654 --- [    Test worker] .b.t.c.SpringBootTestContextBootstrapper : Using TestExecutionListeners: [org.springframework.test.context.web.ServletTestExecutionListener@6e572117, org.springframework.test.context.support.DirtiesContextBeforeModesTestExecutionListener@43d543f4, org.springframework.boot.test.mock.mockito.MockitoTestExecutionListener@6e63bfaf, org.springframework.boot.test.autoconfigure.SpringBootDependencyInjectionTestExecutionListener@559222f2, org.springframework.test.context.support.DirtiesContextTestExecutionListener@21afece, org.springframework.test.context.transaction.TransactionalTestExecutionListener@6b39d79a, org.springframework.test.context.jdbc.SqlScriptsTestExecutionListener@18d49395, org.springframework.test.context.event.EventPublishingTestExecutionListener@5c15b7cf, org.springframework.boot.test.autoconfigure.restdocs.RestDocsTestExecutionListener@92cce0d, org.springframework.boot.test.autoconfigure.web.client.MockRestServiceServerResetTestExecutionListener@2c8c4db5, org.springframework.boot.test.autoconfigure.web.servlet.MockMvcPrintOnlyOnFailureTestExecutionListener@10f83b8a, org.springframework.boot.test.autoconfigure.web.servlet.WebDriverTestExecutionListener@61225d95, org.springframework.boot.test.mock.mockito.ResetMocksTestExecutionListener@e11ab1a]
2024-06-05 17:13:05.381 DEBUG 83654 --- [o-auto-1-exec-4] c.m.c.controller.EmployeeController      : Received employee create request for [com.mindex.challenge.data.Employee@52b58fed]
2024-06-05 17:13:05.381 DEBUG 83654 --- [o-auto-1-exec-4] c.m.c.service.impl.EmployeeServiceImpl   : Creating employee [com.mindex.challenge.data.Employee@52b58fed]
2024-06-05 17:13:05.389 DEBUG 83654 --- [o-auto-1-exec-5] c.m.c.controller.EmployeeController      : Received employee read request for id [68495c5b-d5b8-47a9-a37a-87983d20962d]
2024-06-05 17:13:05.389 DEBUG 83654 --- [o-auto-1-exec-5] c.m.c.service.impl.EmployeeServiceImpl   : Querying employee with id [68495c5b-d5b8-47a9-a37a-87983d20962d]
2024-06-05 17:13:05.399 DEBUG 83654 --- [o-auto-1-exec-6] c.m.c.controller.EmployeeController      : Received employee update request for id [68495c5b-d5b8-47a9-a37a-87983d20962d] and employee [com.mindex.challenge.data.Employee@4c640731]
2024-06-05 17:13:05.399 DEBUG 83654 --- [o-auto-1-exec-6] c.m.c.service.impl.EmployeeServiceImpl   : Updating employee [com.mindex.challenge.data.Employee@4c640731]
]]></system-out>
  <system-err><![CDATA[]]></system-err>
</testsuite>
